Linked: (/home/jstefan1/Documents/CodeWorkspace/UGV-Robot/catkin_ws2/devel/.private/catkin/env.sh, /home/jstefan1/Documents/CodeWorkspace/UGV-Robot/catkin_ws2/devel/./env.sh)
Linked: (/home/jstefan1/Documents/CodeWorkspace/UGV-Robot/catkin_ws2/devel/.private/catkin/local_setup.bash, /home/jstefan1/Documents/CodeWorkspace/UGV-Robot/catkin_ws2/devel/./local_setup.bash)
Linked: (/home/jstefan1/Documents/CodeWorkspace/UGV-Robot/catkin_ws2/devel/.private/catkin/setup.sh, /home/jstefan1/Documents/CodeWorkspace/UGV-Robot/catkin_ws2/devel/./setup.sh)
Linked: (/home/jstefan1/Documents/CodeWorkspace/UGV-Robot/catkin_ws2/devel/.private/catkin/setup.bash, /home/jstefan1/Documents/CodeWorkspace/UGV-Robot/catkin_ws2/devel/./setup.bash)
Linked: (/home/jstefan1/Documents/CodeWorkspace/UGV-Robot/catkin_ws2/devel/.private/catkin/_setup_util.py, /home/jstefan1/Documents/CodeWorkspace/UGV-Robot/catkin_ws2/devel/./_setup_util.py)
Linked: (/home/jstefan1/Documents/CodeWorkspace/UGV-Robot/catkin_ws2/devel/.private/catkin/local_setup.fish, /home/jstefan1/Documents/CodeWorkspace/UGV-Robot/catkin_ws2/devel/./local_setup.fish)
Linked: (/home/jstefan1/Documents/CodeWorkspace/UGV-Robot/catkin_ws2/devel/.private/catkin/local_setup.sh, /home/jstefan1/Documents/CodeWorkspace/UGV-Robot/catkin_ws2/devel/./local_setup.sh)
Linked: (/home/jstefan1/Documents/CodeWorkspace/UGV-Robot/catkin_ws2/devel/.private/catkin/setup.zsh, /home/jstefan1/Documents/CodeWorkspace/UGV-Robot/catkin_ws2/devel/./setup.zsh)
Linked: (/home/jstefan1/Documents/CodeWorkspace/UGV-Robot/catkin_ws2/devel/.private/catkin/local_setup.zsh, /home/jstefan1/Documents/CodeWorkspace/UGV-Robot/catkin_ws2/devel/./local_setup.zsh)
Linked: (/home/jstefan1/Documents/CodeWorkspace/UGV-Robot/catkin_ws2/devel/.private/catkin/setup.fish, /home/jstefan1/Documents/CodeWorkspace/UGV-Robot/catkin_ws2/devel/./setup.fish)
Linked: (/home/jstefan1/Documents/CodeWorkspace/UGV-Robot/catkin_ws2/devel/.private/catkin/bin/catkin_init_workspace, /home/jstefan1/Documents/CodeWorkspace/UGV-Robot/catkin_ws2/devel/bin/catkin_init_workspace)
Linked: (/home/jstefan1/Documents/CodeWorkspace/UGV-Robot/catkin_ws2/devel/.private/catkin/bin/catkin_topological_order, /home/jstefan1/Documents/CodeWorkspace/UGV-Robot/catkin_ws2/devel/bin/catkin_topological_order)
Linked: (/home/jstefan1/Documents/CodeWorkspace/UGV-Robot/catkin_ws2/devel/.private/catkin/bin/catkin_make, /home/jstefan1/Documents/CodeWorkspace/UGV-Robot/catkin_ws2/devel/bin/catkin_make)
Linked: (/home/jstefan1/Documents/CodeWorkspace/UGV-Robot/catkin_ws2/devel/.private/catkin/bin/catkin_find, /home/jstefan1/Documents/CodeWorkspace/UGV-Robot/catkin_ws2/devel/bin/catkin_find)
Linked: (/home/jstefan1/Documents/CodeWorkspace/UGV-Robot/catkin_ws2/devel/.private/catkin/bin/catkin_test_results, /home/jstefan1/Documents/CodeWorkspace/UGV-Robot/catkin_ws2/devel/bin/catkin_test_results)
Linked: (/home/jstefan1/Documents/CodeWorkspace/UGV-Robot/catkin_ws2/devel/.private/catkin/bin/catkin_make_isolated, /home/jstefan1/Documents/CodeWorkspace/UGV-Robot/catkin_ws2/devel/bin/catkin_make_isolated)
Linked: (/home/jstefan1/Documents/CodeWorkspace/UGV-Robot/catkin_ws2/devel/.private/catkin/etc/catkin/profile.d/05.catkin_make.bash, /home/jstefan1/Documents/CodeWorkspace/UGV-Robot/catkin_ws2/devel/etc/catkin/profile.d/05.catkin_make.bash)
Linked: (/home/jstefan1/Documents/CodeWorkspace/UGV-Robot/catkin_ws2/devel/.private/catkin/etc/catkin/profile.d/05.catkin_make_isolated.bash, /home/jstefan1/Documents/CodeWorkspace/UGV-Robot/catkin_ws2/devel/etc/catkin/profile.d/05.catkin_make_isolated.bash)
Linked: (/home/jstefan1/Documents/CodeWorkspace/UGV-Robot/catkin_ws2/devel/.private/catkin/share/catkin/cmake/catkinConfig.cmake, /home/jstefan1/Documents/CodeWorkspace/UGV-Robot/catkin_ws2/devel/share/catkin/cmake/catkinConfig.cmake)
Linked: (/home/jstefan1/Documents/CodeWorkspace/UGV-Robot/catkin_ws2/devel/.private/catkin/share/catkin/cmake/catkinConfig-version.cmake, /home/jstefan1/Documents/CodeWorkspace/UGV-Robot/catkin_ws2/devel/share/catkin/cmake/catkinConfig-version.cmake)
Linked: (/home/jstefan1/Documents/CodeWorkspace/UGV-Robot/catkin_ws2/devel/.private/catkin/lib/pkgconfig/catkin.pc, /home/jstefan1/Documents/CodeWorkspace/UGV-Robot/catkin_ws2/devel/lib/pkgconfig/catkin.pc)
Linked: (/home/jstefan1/Documents/CodeWorkspace/UGV-Robot/catkin_ws2/devel/.private/catkin/lib/python3/dist-packages/catkin/__init__.py, /home/jstefan1/Documents/CodeWorkspace/UGV-Robot/catkin_ws2/devel/lib/python3/dist-packages/catkin/__init__.py)
