Not searching for unused variables given on the command line.
CMake Warning (dev) at CMakeLists.txt:3 (project):
  Policy CMP0048 is not set: project() command manages VERSION variables.
  Run "cmake --help-policy CMP0048" for policy details.  Use the cmake_policy
  command to set the policy and suppress this warning.

  The following variable(s) would be set to empty:

    CMAKE_PROJECT_VERSION
    CMAKE_PROJECT_VERSION_MAJOR
    CMAKE_PROJECT_VERSION_MINOR
    CMAKE_PROJECT_VERSION_PATCH
This warning is for project developers.  Use -Wno-dev to suppress it.

[36m--[0m Using CATKIN_DEVEL_PREFIX: /home/jstefan1/Documents/CodeWorkspace/UGV-Robot/catkin_ws2/devel/.private/arm_urdf_2
[36m--[0m Using CMAKE_PREFIX_PATH: /home/jstefan1/Documents/CodeWorkspace/UGV-Robot/catkin_ws2/devel
[36m--[0m This workspace overlays: /home/jstefan1/Documents/CodeWorkspace/UGV-Robot/catkin_ws2/devel
[36m--[0m Using PYTHON_EXECUTABLE: /usr/bin/python3.8
[36m--[0m Using Debian Python package layout
[36m--[0m Using empy: /usr/lib/python3/dist-packages/em.py
[36m--[0m Using CATKIN_ENABLE_TESTING: ON
[36m--[0m Call enable_testing()
[36m--[0m Using CATKIN_TEST_RESULTS_DIR: /home/jstefan1/Documents/CodeWorkspace/UGV-Robot/catkin_ws2/build/arm_urdf_2/test_results
[36m--[0m Forcing gtest/gmock from source, though one was otherwise available.
[36m--[0m Found gtest sources under '/usr/src/googletest': gtests will be built
[36m--[0m Found gmock sources under '/usr/src/googletest': gmock will be built
[36m--[0m Using Python nosetests: /usr/bin/nosetests3
[36m--[0m catkin 0.8.10
[36m--[0m BUILD_SHARED_LIBS is on
[36m--[0m Could NOT find message_generation (missing: message_generation_DIR)
[36m--[0m Could not find the required component 'message_generation'. The following CMake error indicates that you either need to install the package with the same name or change your environment so that it can be found.
[31m[1mCMake Error[0m at /home/jstefan1/Documents/CodeWorkspace/UGV-Robot/catkin_ws2/devel/share/catkin/cmake/catkinConfig.cmake:83 (find_package):
  Could not find a package configuration file provided by
  "message_generation" with any of the following names:

    message_generationConfig.cmake
    message_generation-config.cmake

  Add the installation prefix of "message_generation" to CMAKE_PREFIX_PATH or
  set "message_generation_DIR" to a directory containing one of the above
  files.  If "message_generation" provides a separate development package or
  SDK, be sure it has been installed.
[36mCall Stack (most recent call first):[0m
  CMakeLists.txt:5 (find_package)


[36m--[0m Configuring incomplete, errors occurred!
See also "/home/jstefan1/Documents/CodeWorkspace/UGV-Robot/catkin_ws2/build/arm_urdf_2/CMakeFiles/CMakeOutput.log".
See also "/home/jstefan1/Documents/CodeWorkspace/UGV-Robot/catkin_ws2/build/arm_urdf_2/CMakeFiles/CMakeError.log".
